<?xml version="1.0" encoding="UTF-8"?>
<testsuite xmlns:xsi="http://www.w3.org/2001/XMLSchema-instance" xsi:noNamespaceSchemaLocation="https://maven.apache.org/surefire/maven-surefire-plugin/xsd/surefire-test-report.xsd" name="TestSuite" time="49.132" tests="5" errors="0" skipped="0" failures="3">
  <properties>
[...]
</properties>
  <testcase name="guestUserShouldBeAbleToAddNewComment" classname="WebTest1.TestSuite" time="11.258">
    <failure message="News comment is successfully added. expected [new comment is successfully added.] but found [News comment is successfully added.]" type="java.lang.AssertionError">java.lang.AssertionError: News comment is successfully added. expected [new comment is successfully added.] but found [News comment is successfully added.]
	at WebTest1.TestSuite.guestUserShouldBeAbleToAddNewComment(TestSuite.java:53)
</failure>
    <system-out><![CDATA[true
chrome
Running in SauceLab ......with browser chrome
]]></system-out>
    <system-err><![CDATA[Mar 26, 2020 8:22:20 PM org.openqa.selenium.remote.DesiredCapabilities chrome
INFO: Using `new ChromeOptions()` is preferred to `DesiredCapabilities.chrome()`
Mar 26, 2020 8:22:27 PM org.openqa.selenium.remote.ProtocolHandshake createSession
INFO: Detected dialect: OSS
]]></system-err>
  </testcase>
  <testcase name="nonRegisterUserShouldNotBeAbleToReferAProductToaFriend" classname="WebTest1.TestSuite" time="7.558"/>
  <testcase name="userShouldAbleToCompareTwoDifferentProductSuccessfully" classname="WebTest1.TestSuite" time="8.784">
    <failure message="Compare products expected [compare products] but found [page not found]" type="java.lang.AssertionError">java.lang.AssertionError: Compare products expected [compare products] but found [page not found]
	at WebTest1.TestSuite.userShouldAbleToCompareTwoDifferentProductSuccessfully(TestSuite.java:31)
</failure>
  </testcase>
  <testcase name="userShouldAbleToRegisterSuccessfully" classname="WebTest1.TestSuite" time="5.909">
    <failure message="Your registration completed expected [Your registration completed] but found [Registration not successful....]" type="java.lang.AssertionError">java.lang.AssertionError: Your registration completed expected [Your registration completed] but found [Registration not successful....]
	at WebTest1.TestSuite.userShouldAbleToRegisterSuccessfully(TestSuite.java:23)
</failure>
  </testcase>
  <testcase name="userShouldBeAbleToSortProductHighToLowByPrice" classname="WebTest1.TestSuite" time="5.555"/>
</testsuite>